#
# There is insufficient memory for the Java Runtime Environment to continue.
# Native memory allocation (malloc) failed to allocate 32744 bytes. Error detail: Chunk::new
# Possible reasons:
#   The system is out of physical RAM or swap space
#   This process is running with CompressedOops enabled, and the Java Heap may be blocking the growth of the native heap
# Possible solutions:
#   Reduce memory load on the system
#   Increase physical memory or swap space
#   Check if swap backing store is full
#   Decrease Java heap size (-Xmx/-Xms)
#   Decrease number of Java threads
#   Decrease Java thread stack sizes (-Xss)
#   Set larger code cache with -XX:ReservedCodeCacheSize=
#   JVM is running with Zero Based Compressed Oops mode in which the Java heap is
#     placed in the first 32GB address space. The Java Heap base address is the
#     maximum limit for the native heap growth. Please use -XX:HeapBaseMinAddress
#     to set the Java Heap base and to place the Java Heap above 32GB virtual address.
# This output file may be truncated or incomplete.
#
#  Out of Memory Error (arena.cpp:168), pid=13120, tid=23692
#
# JRE version: OpenJDK Runtime Environment Temurin-21.0.9+10 (21.0.9+10) (build 21.0.9+10-LTS)
# Java VM: OpenJDK 64-Bit Server VM Temurin-21.0.9+10 (21.0.9+10-LTS, mixed mode, sharing, tiered, compressed oops, compressed class ptrs, g1 gc, windows-amd64)
# No core dump will be written. Minidumps are not enabled by default on client versions of Windows
#

---------------  S U M M A R Y ------------

Command Line: -Dfile.encoding=UTF-8 -Dstdout.encoding=UTF-8 -Dstderr.encoding=UTF-8 -XX:+ShowCodeDetailsInExceptionMessages juego.Juego

Host: AMD Ryzen 5 3500 6-Core Processor              , 6 cores, 15G,  Windows 10 , 64 bit Build 19041 (10.0.19041.5915)
Time: Fri May 29 19:57:00 2026 Hora estándar de Argentina elapsed time: 1.235522 seconds (0d 0h 0m 1s)

---------------  T H R E A D  ---------------

Current thread (0x000002507637cc80):  JavaThread "C2 CompilerThread1" daemon [_thread_in_native, id=23692, stack(0x0000006b42b00000,0x0000006b42c00000) (1024K)]


Current CompileTask:
C2:1235 1311       4       sun.java2d.loops.ProcessPath$ActiveEdgeList::sort (171 bytes)

Stack: [0x0000006b42b00000,0x0000006b42c00000]
Native frames: (J=compiled Java code, j=interpreted, Vv=VM code, C=native code)
V  [jvm.dll+0x6d6e29]
V  [jvm.dll+0x8b4b76]
V  [jvm.dll+0x8b712e]
V  [jvm.dll+0x8b7813]
V  [jvm.dll+0x283d86]
V  [jvm.dll+0xc66ed]
V  [jvm.dll+0xc6c31]
V  [jvm.dll+0x65ecbd]
V  [jvm.dll+0x65ee4b]
V  [jvm.dll+0x664b1b]
V  [jvm.dll+0x665b16]
V  [jvm.dll+0x663e5b]
V  [jvm.dll+0x24be1b]
V  [jvm.dll+0x24b580]
V  [jvm.dll+0x1cb13e]
V  [jvm.dll+0x25b29d]
V  [jvm.dll+0x25982a]
V  [jvm.dll+0x3f7ea6]
V  [jvm.dll+0x85e9ad]
V  [jvm.dll+0x6d565d]
C  [ucrtbase.dll+0x21bb2]
C  [KERNEL32.DLL+0x17374]
C  [ntdll.dll+0x4cc91]


---------------  P R O C E S S  ---------------

Threads class SMR info:
_java_thread_list=0x000002507eb5e850, length=19, elements={
0x0000025030bbbbe0, 0x0000025030bbcca0, 0x0000025030bc3dc0, 0x0000025030bc4810,
0x0000025030bcd420, 0x0000025030bd0ed0, 0x0000025030bcde70, 0x0000025030bd4410,
0x00000250760fd2b0, 0x0000025076103960, 0x0000025076127070, 0x00000250761278e0,
0x00000250762d46d0, 0x00000250777bb760, 0x00000250777ea9e0, 0x00000250777eb070,
0x00000250777e9630, 0x00000250777ea350, 0x000002507637cc80
}

Java Threads: ( => current thread )
  0x0000025030bbbbe0 JavaThread "Reference Handler"          daemon [_thread_blocked, id=21612, stack(0x0000006b41300000,0x0000006b41400000) (1024K)]
  0x0000025030bbcca0 JavaThread "Finalizer"                  daemon [_thread_blocked, id=13332, stack(0x0000006b41400000,0x0000006b41500000) (1024K)]
  0x0000025030bc3dc0 JavaThread "Signal Dispatcher"          daemon [_thread_blocked, id=5404, stack(0x0000006b41500000,0x0000006b41600000) (1024K)]
  0x0000025030bc4810 JavaThread "Attach Listener"            daemon [_thread_blocked, id=10672, stack(0x0000006b41600000,0x0000006b41700000) (1024K)]
  0x0000025030bcd420 JavaThread "Service Thread"             daemon [_thread_blocked, id=6984, stack(0x0000006b41700000,0x0000006b41800000) (1024K)]
  0x0000025030bd0ed0 JavaThread "Monitor Deflation Thread"   daemon [_thread_blocked, id=7124, stack(0x0000006b41800000,0x0000006b41900000) (1024K)]
  0x0000025030bcde70 JavaThread "C2 CompilerThread0"         daemon [_thread_in_native, id=20588, stack(0x0000006b41900000,0x0000006b41a00000) (1024K)]
  0x0000025030bd4410 JavaThread "C1 CompilerThread0"         daemon [_thread_blocked, id=18848, stack(0x0000006b41a00000,0x0000006b41b00000) (1024K)]
  0x00000250760fd2b0 JavaThread "Notification Thread"        daemon [_thread_blocked, id=23464, stack(0x0000006b41b00000,0x0000006b41c00000) (1024K)]
  0x0000025076103960 JavaThread "Common-Cleaner"             daemon [_thread_blocked, id=21280, stack(0x0000006b41c00000,0x0000006b41d00000) (1024K)]
  0x0000025076127070 JavaThread "Java2D Disposer"            daemon [_thread_blocked, id=17604, stack(0x0000006b41d00000,0x0000006b41e00000) (1024K)]
  0x00000250761278e0 JavaThread "AWT-Shutdown"                      [_thread_blocked, id=6864, stack(0x0000006b41e00000,0x0000006b41f00000) (1024K)]
  0x00000250762d46d0 JavaThread "AWT-Windows"                daemon [_thread_in_native, id=23932, stack(0x0000006b41f00000,0x0000006b42000000) (1024K)]
  0x00000250777bb760 JavaThread "AWT-EventQueue-0"                  [_thread_blocked, id=21324, stack(0x0000006b42200000,0x0000006b42300000) (1024K)]
  0x00000250777ea9e0 JavaThread "Image Animator 3"           daemon [_thread_blocked, id=13004, stack(0x0000006b42300000,0x0000006b42400000) (1024K)]
  0x00000250777eb070 JavaThread "D3D Screen Updater"         daemon [_thread_blocked, id=22724, stack(0x0000006b42400000,0x0000006b42500000) (1024K)]
  0x00000250777e9630 JavaThread "TimerQueue"                 daemon [_thread_blocked, id=22284, stack(0x0000006b42a00000,0x0000006b42b00000) (1024K)]
  0x00000250777ea350 JavaThread "DestroyJavaVM"                     [_thread_blocked, id=8512, stack(0x0000006b40b00000,0x0000006b40c00000) (1024K)]
=>0x000002507637cc80 JavaThread "C2 CompilerThread1"         daemon [_thread_in_native, id=23692, stack(0x0000006b42b00000,0x0000006b42c00000) (1024K)]
Total: 19

Other Threads:
  0x0000025030b9ef50 VMThread "VM Thread"                           [id=9720, stack(0x0000006b41200000,0x0000006b41300000) (1024K)]
  0x0000025030b8b3c0 WatcherThread "VM Periodic Task Thread"        [id=4888, stack(0x0000006b41100000,0x0000006b41200000) (1024K)]
  0x0000025016976190 WorkerThread "GC Thread#0"                     [id=10952, stack(0x0000006b40c00000,0x0000006b40d00000) (1024K)]
  0x00000250777bf3b0 WorkerThread "GC Thread#1"                     [id=13612, stack(0x0000006b42500000,0x0000006b42600000) (1024K)]
  0x00000250777bec70 WorkerThread "GC Thread#2"                     [id=19508, stack(0x0000006b42600000,0x0000006b42700000) (1024K)]
  0x00000250777bfaf0 WorkerThread "GC Thread#3"                     [id=11444, stack(0x0000006b42700000,0x0000006b42800000) (1024K)]
  0x00000250777be8d0 WorkerThread "GC Thread#4"                     [id=22748, stack(0x0000006b42800000,0x0000006b42900000) (1024K)]
  0x00000250777bf750 WorkerThread "GC Thread#5"                     [id=3432, stack(0x0000006b42900000,0x0000006b42a00000) (1024K)]
  0x0000025016987170 ConcurrentGCThread "G1 Main Marker"            [id=13796, stack(0x0000006b40d00000,0x0000006b40e00000) (1024K)]
  0x0000025016988320 WorkerThread "G1 Conc#0"                       [id=16408, stack(0x0000006b40e00000,0x0000006b40f00000) (1024K)]
  0x0000025030a4d540 ConcurrentGCThread "G1 Refine#0"               [id=23108, stack(0x0000006b40f00000,0x0000006b41000000) (1024K)]
  0x0000025030a4dec0 ConcurrentGCThread "G1 Service"                [id=3284, stack(0x0000006b41000000,0x0000006b41100000) (1024K)]
Total: 12

Threads with active compile tasks:
C2 CompilerThread0  1256 1143 % !   4       sun.awt.image.PNGImageDecoder::produceImage @ 960 (1917 bytes)
C2 CompilerThread1  1256 1311       4       sun.java2d.loops.ProcessPath$ActiveEdgeList::sort (171 bytes)
Total: 2

VM state: not at safepoint (normal execution)

VM Mutex/Monitor currently owned by a thread: None

Heap address: 0x0000000700c00000, size: 4084 MB, Compressed Oops mode: Zero based, Oop shift amount: 3

CDS archive(s) mapped at: [0x0000025031000000-0x0000025031c80000-0x0000025031c80000), size 13107200, SharedBaseAddress: 0x0000025031000000, ArchiveRelocationMode: 1.
Compressed class space mapped at: 0x0000025032000000-0x0000025072000000, reserved size: 1073741824
Narrow klass base: 0x0000025031000000, Narrow klass shift: 0, Narrow klass range: 0x100000000

GC Precious Log:
 CardTable entry size: 512
 Card Set container configuration: InlinePtr #cards 4 size 8 Array Of Cards #cards 16 size 48 Howl #buckets 8 coarsen threshold 3686 Howl Bitmap #cards 512 size 80 coarsen threshold 460 Card regions per heap region 1 cards per card region 4096
 CPUs: 6 total, 6 available
 Memory: 16335M
 Large Page Support: Disabled
 NUMA Support: Disabled
 Compressed Oops: Enabled (Zero based)
 Heap Region Size: 2M
 Heap Min Capacity: 8M
 Heap Initial Capacity: 256M
 Heap Max Capacity: 4084M
 Pre-touch: Disabled
 Parallel Workers: 6
 Concurrent Workers: 2
 Concurrent Refinement Workers: 6
 Periodic GC: Disabled

Heap:
 garbage-first heap   total 262144K, used 40743K [0x0000000700c00000, 0x0000000800000000)
  region size 2048K, 3 young (6144K), 1 survivors (2048K)
 Metaspace       used 7637K, committed 7872K, reserved 1114112K
  class space    used 793K, committed 896K, reserved 1048576K

Heap Regions: E=young(eden), S=young(survivor), O=old, HS=humongous(starts), HC=humongous(continues), CS=collection set, F=free, TAMS=top-at-mark-start, PB=parsable bottom
|   0|0x0000000700c00000, 0x0000000700e00000, 0x0000000700e00000|100%|HS|  |TAMS 0x0000000700c00000| PB 0x0000000700c00000| Complete 
|   1|0x0000000700e00000, 0x0000000701000000, 0x0000000701000000|100%|HC|  |TAMS 0x0000000700e00000| PB 0x0000000700e00000| Complete 
|   2|0x0000000701000000, 0x0000000701200000, 0x0000000701200000|100%|HC|  |TAMS 0x0000000701000000| PB 0x0000000701000000| Complete 
|   3|0x0000000701200000, 0x0000000701400000, 0x0000000701400000|100%|HC|  |TAMS 0x0000000701200000| PB 0x0000000701200000| Complete 
|   4|0x0000000701400000, 0x0000000701600000, 0x0000000701600000|100%|HC|  |TAMS 0x0000000701400000| PB 0x0000000701400000| Complete 
|   5|0x0000000701600000, 0x0000000701800000, 0x0000000701800000|100%|HC|  |TAMS 0x0000000701600000| PB 0x0000000701600000| Complete 
|   6|0x0000000701800000, 0x0000000701a00000, 0x0000000701a00000|100%|HC|  |TAMS 0x0000000701800000| PB 0x0000000701800000| Complete 
|   7|0x0000000701a00000, 0x0000000701c00000, 0x0000000701c00000|100%|HC|  |TAMS 0x0000000701a00000| PB 0x0000000701a00000| Complete 
|   8|0x0000000701c00000, 0x0000000701e00000, 0x0000000701e00000|100%|HC|  |TAMS 0x0000000701c00000| PB 0x0000000701c00000| Complete 
|   9|0x0000000701e00000, 0x0000000702000000, 0x0000000702000000|100%|HC|  |TAMS 0x0000000701e00000| PB 0x0000000701e00000| Complete 
|  10|0x0000000702000000, 0x0000000702200000, 0x0000000702200000|100%|HC|  |TAMS 0x0000000702000000| PB 0x0000000702000000| Complete 
|  11|0x0000000702200000, 0x0000000702400000, 0x0000000702400000|100%|HC|  |TAMS 0x0000000702200000| PB 0x0000000702200000| Complete 
|  12|0x0000000702400000, 0x0000000702600000, 0x0000000702600000|100%|HC|  |TAMS 0x0000000702400000| PB 0x0000000702400000| Complete 
|  13|0x0000000702600000, 0x0000000702800000, 0x0000000702800000|100%|HS|  |TAMS 0x0000000702600000| PB 0x0000000702600000| Complete 
|  14|0x0000000702800000, 0x0000000702a00000, 0x0000000702a00000|100%|HC|  |TAMS 0x0000000702800000| PB 0x0000000702800000| Complete 
|  15|0x0000000702a00000, 0x0000000702c00000, 0x0000000702c00000|100%|HC|  |TAMS 0x0000000702a00000| PB 0x0000000702a00000| Complete 
|  16|0x0000000702c00000, 0x0000000702e00000, 0x0000000702e00000|100%|HS|  |TAMS 0x0000000702c00000| PB 0x0000000702c00000| Complete 
|  17|0x0000000702e00000, 0x0000000703000000, 0x0000000703000000|100%| O|  |TAMS 0x0000000702e00000| PB 0x0000000702e00000| Untracked 
|  18|0x0000000703000000, 0x0000000703137980, 0x0000000703200000| 60%| O|  |TAMS 0x0000000703000000| PB 0x0000000703000000| Untracked 
|  19|0x0000000703200000, 0x0000000703200000, 0x0000000703400000|  0%| F|  |TAMS 0x0000000703200000| PB 0x0000000703200000| Untracked 
|  20|0x0000000703400000, 0x0000000703400000, 0x0000000703600000|  0%| F|  |TAMS 0x0000000703400000| PB 0x0000000703400000| Untracked 
|  21|0x0000000703600000, 0x0000000703600000, 0x0000000703800000|  0%| F|  |TAMS 0x0000000703600000| PB 0x0000000703600000| Untracked 
|  22|0x0000000703800000, 0x0000000703800000, 0x0000000703a00000|  0%| F|  |TAMS 0x0000000703800000| PB 0x0000000703800000| Untracked 
|  23|0x0000000703a00000, 0x0000000703a00000, 0x0000000703c00000|  0%| F|  |TAMS 0x0000000703a00000| PB 0x0000000703a00000| Untracked 
|  24|0x0000000703c00000, 0x0000000703c00000, 0x0000000703e00000|  0%| F|  |TAMS 0x0000000703c00000| PB 0x0000000703c00000| Untracked 
|  25|0x0000000703e00000, 0x0000000703e00000, 0x0000000704000000|  0%| F|  |TAMS 0x0000000703e00000| PB 0x0000000703e00000| Untracked 
|  26|0x0000000704000000, 0x0000000704000000, 0x0000000704200000|  0%| F|  |TAMS 0x0000000704000000| PB 0x0000000704000000| Untracked 
|  27|0x0000000704200000, 0x0000000704200000, 0x0000000704400000|  0%| F|  |TAMS 0x0000000704200000| PB 0x0000000704200000| Untracked 
|  28|0x0000000704400000, 0x0000000704400000, 0x0000000704600000|  0%| F|  |TAMS 0x0000000704400000| PB 0x0000000704400000| Untracked 
|  29|0x0000000704600000, 0x0000000704600000, 0x0000000704800000|  0%| F|  |TAMS 0x0000000704600000| PB 0x0000000704600000| Untracked 
|  30|0x0000000704800000, 0x0000000704800000, 0x0000000704a00000|  0%| F|  |TAMS 0x0000000704800000| PB 0x0000000704800000| Untracked 
|  31|0x0000000704a00000, 0x0000000704a00000, 0x0000000704c00000|  0%| F|  |TAMS 0x0000000704a00000| PB 0x0000000704a00000| Untracked 
|  32|0x0000000704c00000, 0x0000000704c00000, 0x0000000704e00000|  0%| F|  |TAMS 0x0000000704c00000| PB 0x0000000704c00000| Untracked 
|  33|0x0000000704e00000, 0x0000000704e00000, 0x0000000705000000|  0%| F|  |TAMS 0x0000000704e00000| PB 0x0000000704e00000| Untracked 
|  34|0x0000000705000000, 0x0000000705000000, 0x0000000705200000|  0%| F|  |TAMS 0x0000000705000000| PB 0x0000000705000000| Untracked 
|  35|0x0000000705200000, 0x0000000705200000, 0x0000000705400000|  0%| F|  |TAMS 0x0000000705200000| PB 0x0000000705200000| Untracked 
|  36|0x0000000705400000, 0x0000000705400000, 0x0000000705600000|  0%| F|  |TAMS 0x0000000705400000| PB 0x0000000705400000| Untracked 
|  37|0x0000000705600000, 0x0000000705600000, 0x0000000705800000|  0%| F|  |TAMS 0x0000000705600000| PB 0x0000000705600000| Untracked 
|  38|0x0000000705800000, 0x0000000705800000, 0x0000000705a00000|  0%| F|  |TAMS 0x0000000705800000| PB 0x0000000705800000| Untracked 
|  39|0x0000000705a00000, 0x0000000705a00000, 0x0000000705c00000|  0%| F|  |TAMS 0x0000000705a00000| PB 0x0000000705a00000| Untracked 
|  40|0x0000000705c00000, 0x0000000705c00000, 0x0000000705e00000|  0%| F|  |TAMS 0x0000000705c00000| PB 0x0000000705c00000| Untracked 
|  41|0x0000000705e00000, 0x0000000705e00000, 0x0000000706000000|  0%| F|  |TAMS 0x0000000705e00000| PB 0x0000000705e00000| Untracked 
|  42|0x0000000706000000, 0x0000000706000000, 0x0000000706200000|  0%| F|  |TAMS 0x0000000706000000| PB 0x0000000706000000| Untracked 
|  43|0x0000000706200000, 0x0000000706200000, 0x0000000706400000|  0%| F|  |TAMS 0x0000000706200000| PB 0x0000000706200000| Untracked 
|  44|0x0000000706400000, 0x0000000706400000, 0x0000000706600000|  0%| F|  |TAMS 0x0000000706400000| PB 0x0000000706400000| Untracked 
|  45|0x0000000706600000, 0x0000000706600000, 0x0000000706800000|  0%| F|  |TAMS 0x0000000706600000| PB 0x0000000706600000| Untracked 
|  46|0x0000000706800000, 0x0000000706800000, 0x0000000706a00000|  0%| F|  |TAMS 0x0000000706800000| PB 0x0000000706800000| Untracked 
|  47|0x0000000706a00000, 0x0000000706a00000, 0x0000000706c00000|  0%| F|  |TAMS 0x0000000706a00000| PB 0x0000000706a00000| Untracked 
|  48|0x0000000706c00000, 0x0000000706c00000, 0x0000000706e00000|  0%| F|  |TAMS 0x0000000706c00000| PB 0x0000000706c00000| Untracked 
|  49|0x0000000706e00000, 0x0000000706e00000, 0x0000000707000000|  0%| F|  |TAMS 0x0000000706e00000| PB 0x0000000706e00000| Untracked 
|  50|0x0000000707000000, 0x0000000707000000, 0x0000000707200000|  0%| F|  |TAMS 0x0000000707000000| PB 0x0000000707000000| Untracked 
|  51|0x0000000707200000, 0x0000000707200000, 0x0000000707400000|  0%| F|  |TAMS 0x0000000707200000| PB 0x0000000707200000| Untracked 
|  52|0x0000000707400000, 0x0000000707400000, 0x0000000707600000|  0%| F|  |TAMS 0x0000000707400000| PB 0x0000000707400000| Untracked 
|  53|0x0000000707600000, 0x0000000707600000, 0x0000000707800000|  0%| F|  |TAMS 0x0000000707600000| PB 0x0000000707600000| Untracked 
|  54|0x0000000707800000, 0x0000000707800000, 0x0000000707a00000|  0%| F|  |TAMS 0x0000000707800000| PB 0x0000000707800000| Untracked 
|  55|0x0000000707a00000, 0x0000000707a00000, 0x0000000707c00000|  0%| F|  |TAMS 0x0000000707a00000| PB 0x0000000707a00000| Untracked 
|  56|0x0000000707c00000, 0x0000000707c00000, 0x0000000707e00000|  0%| F|  |TAMS 0x0000000707c00000| PB 0x0000000707c00000| Untracked 
|  57|0x0000000707e00000, 0x0000000707e00000, 0x0000000708000000|  0%| F|  |TAMS 0x0000000707e00000| PB 0x0000000707e00000| Untracked 
|  58|0x0000000708000000, 0x0000000708000000, 0x0000000708200000|  0%| F|  |TAMS 0x0000000708000000| PB 0x0000000708000000| Untracked 
|  59|0x0000000708200000, 0x0000000708200000, 0x0000000708400000|  0%| F|  |TAMS 0x0000000708200000| PB 0x0000000708200000| Untracked 
|  60|0x0000000708400000, 0x0000000708400000, 0x0000000708600000|  0%| F|  |TAMS 0x0000000708400000| PB 0x0000000708400000| Untracked 
|  61|0x0000000708600000, 0x0000000708600000, 0x0000000708800000|  0%| F|  |TAMS 0x0000000708600000| PB 0x0000000708600000| Untracked 
|  62|0x0000000708800000, 0x0000000708800000, 0x0000000708a00000|  0%| F|  |TAMS 0x0000000708800000| PB 0x0000000708800000| Untracked 
|  63|0x0000000708a00000, 0x0000000708a00000, 0x0000000708c00000|  0%| F|  |TAMS 0x0000000708a00000| PB 0x0000000708a00000| Untracked 
|  64|0x0000000708c00000, 0x0000000708c00000, 0x0000000708e00000|  0%| F|  |TAMS 0x0000000708c00000| PB 0x0000000708c00000| Untracked 
|  65|0x0000000708e00000, 0x0000000708e00000, 0x0000000709000000|  0%| F|  |TAMS 0x0000000708e00000| PB 0x0000000708e00000| Untracked 
|  66|0x0000000709000000, 0x0000000709000000, 0x0000000709200000|  0%| F|  |TAMS 0x0000000709000000| PB 0x0000000709000000| Untracked 
|  67|0x0000000709200000, 0x0000000709200000, 0x0000000709400000|  0%| F|  |TAMS 0x0000000709200000| PB 0x0000000709200000| Untracked 
|  68|0x0000000709400000, 0x0000000709400000, 0x0000000709600000|  0%| F|  |TAMS 0x0000000709400000| PB 0x0000000709400000| Untracked 
|  69|0x0000000709600000, 0x0000000709600000, 0x0000000709800000|  0%| F|  |TAMS 0x0000000709600000| PB 0x0000000709600000| Untracked 
|  70|0x0000000709800000, 0x0000000709800000, 0x0000000709a00000|  0%| F|  |TAMS 0x0000000709800000| PB 0x0000000709800000| Untracked 
|  71|0x0000000709a00000, 0x0000000709a00000, 0x0000000709c00000|  0%| F|  |TAMS 0x0000000709a00000| PB 0x0000000709a00000| Untracked 
|  72|0x0000000709c00000, 0x0000000709c00000, 0x0000000709e00000|  0%| F|  |TAMS 0x0000000709c00000| PB 0x0000000709c00000| Untracked 
|  73|0x0000000709e00000, 0x0000000709e00000, 0x000000070a000000|  0%| F|  |TAMS 0x0000000709e00000| PB 0x0000000709e00000| Untracked 
|  74|0x000000070a000000, 0x000000070a000000, 0x000000070a200000|  0%| F|  |TAMS 0x000000070a000000| PB 0x000000070a000000| Untracked 
|  75|0x000000070a200000, 0x000000070a200000, 0x000000070a400000|  0%| F|  |TAMS 0x000000070a200000| PB 0x000000070a200000| Untracked 
|  76|0x000000070a400000, 0x000000070a400000, 0x000000070a600000|  0%| F|  |TAMS 0x000000070a400000| PB 0x000000070a400000| Untracked 
|  77|0x000000070a600000, 0x000000070a600000, 0x000000070a800000|  0%| F|  |TAMS 0x000000070a600000| PB 0x000000070a600000| Untracked 
|  78|0x000000070a800000, 0x000000070a800000, 0x000000070aa00000|  0%| F|  |TAMS 0x000000070a800000| PB 0x000000070a800000| Untracked 
|  79|0x000000070aa00000, 0x000000070aa00000, 0x000000070ac00000|  0%| F|  |TAMS 0x000000070aa00000| PB 0x000000070aa00000| Untracked 
|  80|0x000000070ac00000, 0x000000070ac00000, 0x000000070ae00000|  0%| F|  |TAMS 0x000000070ac00000| PB 0x000000070ac00000| Untracked 
|  81|0x000000070ae00000, 0x000000070ae00000, 0x000000070b000000|  0%| F|  |TAMS 0x000000070ae00000| PB 0x000000070ae00000| Untracked 
|  82|0x000000070b000000, 0x000000070b000000, 0x000000070b200000|  0%| F|  |TAMS 0x000000070b000000| PB 0x000000070b000000| Untracked 
|  83|0x000000070b200000, 0x000000070b200000, 0x000000070b400000|  0%| F|  |TAMS 0x000000070b200000| PB 0x000000070b200000| Untracked 
|  84|0x000000070b400000, 0x000000070b400000, 0x000000070b600000|  0%| F|  |TAMS 0x000000070b400000| PB 0x000000070b400000| Untracked 
|  85|0x000000070b600000, 0x000000070b600000, 0x000000070b800000|  0%| F|  |TAMS 0x000000070b600000| PB 0x000000070b600000| Untracked 
|  86|0x000000070b800000, 0x000000070b800000, 0x000000070ba00000|  0%| F|  |TAMS 0x000000070b800000| PB 0x000000070b800000| Untracked 
|  87|0x000000070ba00000, 0x000000070ba00000, 0x000000070bc00000|  0%| F|  |TAMS 0x000000070ba00000| PB 0x000000070ba00000| Untracked 
|  88|0x000000070bc00000, 0x000000070bc00000, 0x000000070be00000|  0%| F|  |TAMS 0x000000070bc00000| PB 0x000000070bc00000| Untracked 
|  89|0x000000070be00000, 0x000000070be00000, 0x000000070c000000|  0%| F|  |TAMS 0x000000070be00000| PB 0x000000070be00000| Untracked 
|  90|0x000000070c000000, 0x000000070c000000, 0x000000070c200000|  0%| F|  |TAMS 0x000000070c000000| PB 0x000000070c000000| Untracked 
|  91|0x000000070c200000, 0x000000070c200000, 0x000000070c400000|  0%| F|  |TAMS 0x000000070c200000| PB 0x000000070c200000| Untracked 
|  92|0x000000070c400000, 0x000000070c400000, 0x000000070c600000|  0%| F|  |TAMS 0x000000070c400000| PB 0x000000070c400000| Untracked 
|  93|0x000000070c600000, 0x000000070c600000, 0x000000070c800000|  0%| F|  |TAMS 0x000000070c600000| PB 0x000000070c600000| Untracked 
|  94|0x000000070c800000, 0x000000070c800000, 0x000000070ca00000|  0%| F|  |TAMS 0x000000070c800000| PB 0x000000070c800000| Untracked 
|  95|0x000000070ca00000, 0x000000070ca00000, 0x000000070cc00000|  0%| F|  |TAMS 0x000000070ca00000| PB 0x000000070ca00000| Untracked 
|  96|0x000000070cc00000, 0x000000070cc00000, 0x000000070ce00000|  0%| F|  |TAMS 0x000000070cc00000| PB 0x000000070cc00000| Untracked 
|  97|0x000000070ce00000, 0x000000070ce00000, 0x000000070d000000|  0%| F|  |TAMS 0x000000070ce00000| PB 0x000000070ce00000| Untracked 
|  98|0x000000070d000000, 0x000000070d000000, 0x000000070d200000|  0%| F|  |TAMS 0x000000070d000000| PB 0x000000070d000000| Untracked 
|  99|0x000000070d200000, 0x000000070d200000, 0x000000070d400000|  0%| F|  |TAMS 0x000000070d200000| PB 0x000000070d200000| Untracked 
| 100|0x000000070d400000, 0x000000070d400000, 0x000000070d600000|  0%| F|  |TAMS 0x000000070d400000| PB 0x000000070d400000| Untracked 
| 101|0x000000070d600000, 0x000000070d600000, 0x000000070d800000|  0%| F|  |TAMS 0x000000070d600000| PB 0x000000070d600000| Untracked 
| 102|0x000000070d800000, 0x000000070d800000, 0x000000070da00000|  0%| F|  |TAMS 0x000000070d800000| PB 0x000000070d800000| Untracked 
| 103|0x000000070da00000, 0x000000070da00000, 0x000000070dc00000|  0%| F|  |TAMS 0x000000070da00000| PB 0x000000070da00000| Untracked 
| 104|0x000000070dc00000, 0x000000070dc00000, 0x000000070de00000|  0%| F|  |TAMS 0x000000070dc00000| PB 0x000000070dc00000| Untracked 
| 105|0x000000070de00000, 0x000000070de00000, 0x000000070e000000|  0%| F|  |TAMS 0x000000070de00000| PB 0x000000070de00000| Untracked 
| 106|0x000000070e000000, 0x000000070e000000, 0x000000070e200000|  0%| F|  |TAMS 0x000000070e000000| PB 0x000000070e000000| Untracked 
| 107|0x000000070e200000, 0x000000070e200000, 0x000000070e400000|  0%| F|  |TAMS 0x000000070e200000| PB 0x000000070e200000| Untracked 
| 108|0x000000070e400000, 0x000000070e400000, 0x000000070e600000|  0%| F|  |TAMS 0x000000070e400000| PB 0x000000070e400000| Untracked 
| 109|0x000000070e600000, 0x000000070e600000, 0x000000070e800000|  0%| F|  |TAMS 0x000000070e600000| PB 0x000000070e600000| Untracked 
| 110|0x000000070e800000, 0x000000070e800000, 0x000000070ea00000|  0%| F|  |TAMS 0x000000070e800000| PB 0x000000070e800000| Untracked 
| 111|0x000000070ea00000, 0x000000070ea00000, 0x000000070ec00000|  0%| F|  |TAMS 0x000000070ea00000| PB 0x000000070ea00000| Untracked 
| 112|0x000000070ec00000, 0x000000070ec92340, 0x000000070ee00000| 28%| S|CS|TAMS 0x000000070ec00000| PB 0x000000070ec00000| Complete 
| 113|0x000000070ee00000, 0x000000070ee00000, 0x000000070f000000|  0%| F|  |TAMS 0x000000070ee00000| PB 0x000000070ee00000| Untracked 
| 114|0x000000070f000000, 0x000000070f000000, 0x000000070f200000|  0%| F|  |TAMS 0x000000070f000000| PB 0x000000070f000000| Untracked 
| 115|0x000000070f200000, 0x000000070f200000, 0x000000070f400000|  0%| F|  |TAMS 0x000000070f200000| PB 0x000000070f200000| Untracked 
| 116|0x000000070f400000, 0x000000070f400000, 0x000000070f600000|  0%| F|  |TAMS 0x000000070f400000| PB 0x000000070f400000| Untracked 
| 117|0x000000070f600000, 0x000000070f600000, 0x000000070f800000|  0%| F|  |TAMS 0x000000070f600000| PB 0x000000070f600000| Untracked 
| 118|0x000000070f800000, 0x000000070f800000, 0x000000070fa00000|  0%| F|  |TAMS 0x000000070f800000| PB 0x000000070f800000| Untracked 
| 119|0x000000070fa00000, 0x000000070fa00000, 0x000000070fc00000|  0%| F|  |TAMS 0x000000070fa00000| PB 0x000000070fa00000| Untracked 
| 120|0x000000070fc00000, 0x000000070fc00000, 0x000000070fe00000|  0%| F|  |TAMS 0x000000070fc00000| PB 0x000000070fc00000| Untracked 
| 121|0x000000070fe00000, 0x000000070fe00000, 0x0000000710000000|  0%| F|  |TAMS 0x000000070fe00000| PB 0x000000070fe00000| Untracked 
| 122|0x0000000710000000, 0x0000000710000000, 0x0000000710200000|  0%| F|  |TAMS 0x0000000710000000| PB 0x0000000710000000| Untracked 
| 123|0x0000000710200000, 0x0000000710200000, 0x0000000710400000|  0%| F|  |TAMS 0x0000000710200000| PB 0x0000000710200000| Untracked 
| 124|0x0000000710400000, 0x0000000710400000, 0x0000000710600000|  0%| F|  |TAMS 0x0000000710400000| PB 0x0000000710400000| Untracked 
| 125|0x0000000710600000, 0x0000000710600000, 0x0000000710800000|  0%| F|  |TAMS 0x0000000710600000| PB 0x0000000710600000| Untracked 
| 126|0x0000000710800000, 0x00000007109ae9e0, 0x0000000710a00000| 84%| E|  |TAMS 0x0000000710800000| PB 0x0000000710800000| Complete 
| 127|0x0000000710a00000, 0x0000000710c00000, 0x0000000710c00000|100%| E|CS|TAMS 0x0000000710a00000| PB 0x0000000710a00000| Complete 

Card table byte_map: [0x0000025029be0000,0x000002502a3e0000] _byte_map_base: 0x00000250263da000

Marking Bits: (CMBitMap*) 0x00000250169767a0
 Bits: [0x000002502a3e0000, 0x000002502e3b0000)

Polling page: 0x0000025014800000

Metaspace:

Usage:
  Non-class:      6.68 MB used.
      Class:    793.74 KB used.
       Both:      7.46 MB used.

Virtual space:
  Non-class space:       64.00 MB reserved,       6.81 MB ( 11%) committed,  1 nodes.
      Class space:        1.00 GB reserved,     896.00 KB ( <1%) committed,  1 nodes.
             Both:        1.06 GB reserved,       7.69 MB ( <1%) committed. 

Chunk freelists:
   Non-Class:  8.99 MB
       Class:  15.11 MB
        Both:  24.10 MB

MaxMetaspaceSize: unlimited
CompressedClassSpaceSize: 1.00 GB
Initial GC threshold: 21.00 MB
Current GC threshold: 21.00 MB
CDS: on
 - commit_granule_bytes: 65536.
 - commit_granule_words: 8192.
 - virtual_space_node_default_size: 8388608.
 - enlarge_chunks_in_place: 1.
 - use_allocation_guard: 0.


Internal statistics:

num_allocs_failed_limit: 0.
num_arena_births: 152.
num_arena_deaths: 0.
num_vsnodes_births: 2.
num_vsnodes_deaths: 0.
num_space_committed: 123.
num_space_uncommitted: 0.
num_chunks_returned_to_freelist: 0.
num_chunks_taken_from_freelist: 204.
num_chunk_merges: 0.
num_chunk_splits: 117.
num_chunks_enlarged: 44.
num_inconsistent_stats: 0.

CodeHeap 'non-profiled nmethods': size=120000Kb used=401Kb max_used=401Kb free=119598Kb
 bounds [0x0000025021d90000, 0x0000025022000000, 0x00000250292c0000]
CodeHeap 'profiled nmethods': size=120000Kb used=2350Kb max_used=2350Kb free=117649Kb
 bounds [0x000002501a2c0000, 0x000002501a530000, 0x00000250217f0000]
CodeHeap 'non-nmethods': size=5760Kb used=1469Kb max_used=1493Kb free=4290Kb
 bounds [0x00000250217f0000, 0x0000025021a60000, 0x0000025021d90000]
CodeCache: size=245760Kb, used=4220Kb, max_used=4244Kb, free=241537Kb
 total_blobs=1942, nmethods=1313, adapters=534, full_count=0
Compilation: enabled, stopped_count=0, restarted_count=0

Compilation events (20 events):
Event: 1.218 Thread 0x0000025030bd4410 nmethod 1300 0x000002501a504790 code [0x000002501a504960, 0x000002501a504c48]
Event: 1.218 Thread 0x0000025030bd4410 1301       3       sun.java2d.loops.ProcessPath$DrawHandler::adjustBounds (64 bytes)
Event: 1.218 Thread 0x0000025030bd4410 nmethod 1301 0x000002501a504d90 code [0x000002501a504f40, 0x000002501a5051d0]
Event: 1.218 Thread 0x0000025030bd4410 1302       3       sun.java2d.pipe.BufferedRenderPipe$BufferedDrawHandler::endFillPath (5 bytes)
Event: 1.218 Thread 0x0000025030bd4410 nmethod 1302 0x000002501a505290 code [0x000002501a505440, 0x000002501a505608]
Event: 1.218 Thread 0x0000025030bd4410 1303       3       sun.java2d.pipe.RenderBuffer::putInt (17 bytes)
Event: 1.218 Thread 0x0000025030bd4410 nmethod 1303 0x000002501a505710 code [0x000002501a5058c0, 0x000002501a505a50]
Event: 1.218 Thread 0x0000025030bd4410 1305       3       juego.Personaje::seApoyaEn (53 bytes)
Event: 1.219 Thread 0x0000025030bd4410 nmethod 1305 0x000002501a505b90 code [0x000002501a505d80, 0x000002501a5060c8]
Event: 1.219 Thread 0x0000025030bd4410 1306       3       juego.Personaje::chocaPorDerechaCon (53 bytes)
Event: 1.219 Thread 0x0000025030bd4410 nmethod 1306 0x000002501a506190 code [0x000002501a506380, 0x000002501a5066c8]
Event: 1.219 Thread 0x0000025030bd4410 1307       3       juego.Personaje::chocaPorIzquierdaCon (53 bytes)
Event: 1.219 Thread 0x0000025030bd4410 nmethod 1307 0x000002501a506790 code [0x000002501a506980, 0x000002501a506cc8]
Event: 1.230 Thread 0x0000025030bd4410 1308       3       java.util.IdentityHashMap$IdentityHashMapIterator::nextIndex (72 bytes)
Event: 1.231 Thread 0x0000025030bd4410 nmethod 1308 0x000002501a506d90 code [0x000002501a506f80, 0x000002501a507300]
Event: 1.231 Thread 0x0000025030bd4410 1309       3       java.awt.Component::getParent (5 bytes)
Event: 1.231 Thread 0x0000025030bd4410 nmethod 1309 0x000002501a507490 code [0x000002501a507620, 0x000002501a507748]
Event: 1.231 Thread 0x0000025030bd4410 1310       3       sun.java2d.loops.ProcessPath$FillProcessHandler::processFixedLine (342 bytes)
Event: 1.231 Thread 0x000002507637cc80 1311       4       sun.java2d.loops.ProcessPath$ActiveEdgeList::sort (171 bytes)
Event: 1.232 Thread 0x0000025030bd4410 nmethod 1310 0x000002501a507810 code [0x000002501a507b60, 0x000002501a508cc8]

GC Heap History (4 events):
Event: 0.849 GC heap before
{Heap before GC invocations=0 (full 0):
 garbage-first heap   total 262144K, used 45056K [0x0000000700c00000, 0x0000000800000000)
  region size 2048K, 10 young (20480K), 0 survivors (0K)
 Metaspace       used 7305K, committed 7616K, reserved 1114112K
  class space    used 767K, committed 896K, reserved 1048576K
}
Event: 0.853 GC heap after
{Heap after GC invocations=1 (full 0):
 garbage-first heap   total 262144K, used 30272K [0x0000000700c00000, 0x0000000800000000)
  region size 2048K, 2 young (4096K), 2 survivors (4096K)
 Metaspace       used 7305K, committed 7616K, reserved 1114112K
  class space    used 767K, committed 896K, reserved 1048576K
}
Event: 1.022 GC heap before
{Heap before GC invocations=1 (full 0):
 garbage-first heap   total 262144K, used 63040K [0x0000000700c00000, 0x0000000800000000)
  region size 2048K, 15 young (30720K), 2 survivors (4096K)
 Metaspace       used 7422K, committed 7680K, reserved 1114112K
  class space    used 775K, committed 896K, reserved 1048576K
}
Event: 1.025 GC heap after
{Heap after GC invocations=2 (full 0):
 garbage-first heap   total 262144K, used 38695K [0x0000000700c00000, 0x0000000800000000)
  region size 2048K, 1 young (2048K), 1 survivors (2048K)
 Metaspace       used 7422K, committed 7680K, reserved 1114112K
  class space    used 775K, committed 896K, reserved 1048576K
}

Dll operation events (9 events):
Event: 0.025 Loaded shared library C:\Users\Nico\Desktop\eclipse\plugins\org.eclipse.justj.openjdk.hotspot.jre.full.win32.x86_64_21.0.9.v20251105-0741\jre\bin\java.dll
Event: 0.052 Loaded shared library C:\Users\Nico\Desktop\eclipse\plugins\org.eclipse.justj.openjdk.hotspot.jre.full.win32.x86_64_21.0.9.v20251105-0741\jre\bin\zip.dll
Event: 0.081 Loaded shared library C:\Users\Nico\Desktop\eclipse\plugins\org.eclipse.justj.openjdk.hotspot.jre.full.win32.x86_64_21.0.9.v20251105-0741\jre\bin\net.dll
Event: 0.082 Loaded shared library C:\Users\Nico\Desktop\eclipse\plugins\org.eclipse.justj.openjdk.hotspot.jre.full.win32.x86_64_21.0.9.v20251105-0741\jre\bin\nio.dll
Event: 0.157 Loaded shared library C:\Users\Nico\Desktop\eclipse\plugins\org.eclipse.justj.openjdk.hotspot.jre.full.win32.x86_64_21.0.9.v20251105-0741\jre\bin\zip.dll
Event: 0.177 Loaded shared library C:\Users\Nico\Desktop\eclipse\plugins\org.eclipse.justj.openjdk.hotspot.jre.full.win32.x86_64_21.0.9.v20251105-0741\jre\bin\jimage.dll
Event: 0.199 Loaded shared library C:\Users\Nico\Desktop\eclipse\plugins\org.eclipse.justj.openjdk.hotspot.jre.full.win32.x86_64_21.0.9.v20251105-0741\jre\bin\awt.dll
Event: 0.521 Loaded shared library C:\Users\Nico\Desktop\eclipse\plugins\org.eclipse.justj.openjdk.hotspot.jre.full.win32.x86_64_21.0.9.v20251105-0741\jre\bin\freetype.dll
Event: 0.522 Loaded shared library C:\Users\Nico\Desktop\eclipse\plugins\org.eclipse.justj.openjdk.hotspot.jre.full.win32.x86_64_21.0.9.v20251105-0741\jre\bin\fontmanager.dll

Deoptimization events (20 events):
Event: 0.876 Thread 0x00000250777ea9e0 DEOPT PACKING pc=0x000002501a48b6a7 sp=0x0000006b423fedb0
Event: 0.876 Thread 0x00000250777ea9e0 DEOPT UNPACKING pc=0x0000025021844bc2 sp=0x0000006b423fe250 mode 0
Event: 0.919 Thread 0x00000250777ea9e0 Uncommon trap: trap_request=0xffffff45 fr.pc=0x0000025021dd9120 relative=0x0000000000001c80
Event: 0.919 Thread 0x00000250777ea9e0 Uncommon trap: reason=unstable_if action=reinterpret pc=0x0000025021dd9120 method=sun.awt.image.PNGImageDecoder.produceImage()V @ 867 c2
Event: 0.920 Thread 0x00000250777ea9e0 DEOPT PACKING pc=0x0000025021dd9120 sp=0x0000006b423ff110
Event: 0.920 Thread 0x00000250777ea9e0 DEOPT UNPACKING pc=0x0000025021844422 sp=0x0000006b423ff0a0 mode 2
Event: 0.924 Thread 0x00000250777ea9e0 DEOPT PACKING pc=0x000002501a4a1d17 sp=0x0000006b423feee0
Event: 0.924 Thread 0x00000250777ea9e0 DEOPT UNPACKING pc=0x0000025021844bc2 sp=0x0000006b423fe3d0 mode 0
Event: 0.926 Thread 0x00000250777ea9e0 Uncommon trap: trap_request=0xffffff45 fr.pc=0x0000025021de0eb0 relative=0x0000000000000310
Event: 0.926 Thread 0x00000250777ea9e0 Uncommon trap: reason=unstable_if action=reinterpret pc=0x0000025021de0eb0 method=sun.awt.image.ImageRepresentation.getOpaqueRGBImage()Ljava/awt/image/BufferedImage; @ 57 c2
Event: 0.926 Thread 0x00000250777ea9e0 DEOPT PACKING pc=0x0000025021de0eb0 sp=0x0000006b423fef40
Event: 0.926 Thread 0x00000250777ea9e0 DEOPT UNPACKING pc=0x0000025021844422 sp=0x0000006b423feed0 mode 2
Event: 0.929 Thread 0x00000250777ea9e0 Uncommon trap: trap_request=0xffffff45 fr.pc=0x0000025021dddd58 relative=0x00000000000005b8
Event: 0.929 Thread 0x00000250777ea9e0 Uncommon trap: reason=unstable_if action=reinterpret pc=0x0000025021dddd58 method=sun.awt.image.PNGImageDecoder.filterRow([B[BIII)V @ 4 c2
Event: 0.929 Thread 0x00000250777ea9e0 DEOPT PACKING pc=0x0000025021dddd58 sp=0x0000006b423ff070
Event: 0.929 Thread 0x00000250777ea9e0 DEOPT UNPACKING pc=0x0000025021844422 sp=0x0000006b423fefd8 mode 2
Event: 0.987 Thread 0x00000250777ea9e0 Uncommon trap: trap_request=0xffffff45 fr.pc=0x0000025021de1580 relative=0x00000000000002a0
Event: 0.987 Thread 0x00000250777ea9e0 Uncommon trap: reason=unstable_if action=reinterpret pc=0x0000025021de1580 method=sun.awt.image.ImageRepresentation.getOpaqueRGBImage()Ljava/awt/image/BufferedImage; @ 71 c2
Event: 0.987 Thread 0x00000250777ea9e0 DEOPT PACKING pc=0x0000025021de1580 sp=0x0000006b423fedf0
Event: 0.987 Thread 0x00000250777ea9e0 DEOPT UNPACKING pc=0x0000025021844422 sp=0x0000006b423fed60 mode 2

Classes loaded (20 events):
Event: 1.066 Loading class sun/java2d/loops/ProcessPath$1
Event: 1.066 Loading class sun/java2d/loops/ProcessPath$EndSubPathHandler
Event: 1.066 Loading class sun/java2d/loops/ProcessPath$EndSubPathHandler done
Event: 1.066 Loading class sun/java2d/loops/ProcessPath$1 done
Event: 1.066 Loading class sun/java2d/loops/ProcessPath$FillProcessHandler
Event: 1.066 Loading class sun/java2d/loops/ProcessPath$ProcessHandler
Event: 1.066 Loading class sun/java2d/loops/ProcessPath$ProcessHandler done
Event: 1.066 Loading class sun/java2d/loops/ProcessPath$FillProcessHandler done
Event: 1.066 Loading class sun/java2d/loops/ProcessPath$FillData
Event: 1.066 Loading class sun/java2d/loops/ProcessPath$FillData done
Event: 1.066 Loading class java/awt/geom/Path2D$Float$CopyIterator
Event: 1.066 Loading class java/awt/geom/Path2D$Iterator
Event: 1.066 Loading class java/awt/geom/Path2D$Iterator done
Event: 1.066 Loading class java/awt/geom/Path2D$Float$CopyIterator done
Event: 1.066 Loading class sun/java2d/loops/ProcessPath$Point
Event: 1.066 Loading class sun/java2d/loops/ProcessPath$Point done
Event: 1.066 Loading class sun/java2d/loops/ProcessPath$ActiveEdgeList
Event: 1.067 Loading class sun/java2d/loops/ProcessPath$ActiveEdgeList done
Event: 1.067 Loading class sun/java2d/loops/ProcessPath$Edge
Event: 1.067 Loading class sun/java2d/loops/ProcessPath$Edge done

Classes unloaded (0 events):
No events

Classes redefined (0 events):
No events

Internal exceptions (14 events):
Event: 0.182 Thread 0x00000250169138f0 Exception <a 'java/lang/ClassNotFoundException'{0x000000071087ab18}: sun/awt/resources/spi/awtProvider> (0x000000071087ab18) 
thrown [s\src\hotspot\share\classfile\systemDictionary.cpp, line 312]
Event: 0.207 Thread 0x00000250169138f0 Exception <a 'java/io/FileNotFoundException'{0x00000007108d7200}> (0x00000007108d7200) 
thrown [s\src\hotspot\share\prims\jni.cpp, line 520]
Event: 0.211 Thread 0x00000250169138f0 Exception <a 'java/io/FileNotFoundException'{0x0000000710901bb8}> (0x0000000710901bb8) 
thrown [s\src\hotspot\share\prims\jni.cpp, line 520]
Event: 0.484 Thread 0x00000250169138f0 Exception <a 'java/lang/NoSuchMethodError'{0x000000071066d038}: 'void java.lang.invoke.DirectMethodHandle$Holder.invokeSpecial(java.lang.Object, java.lang.Object, java.lang.Object)'> (0x000000071066d038) 
thrown [s\src\hotspot\share\interpreter\linkResolver.cpp, line 773]
Event: 0.490 Thread 0x00000250169138f0 Exception <a 'java/lang/NoSuchMethodError'{0x0000000710693408}: 'java.lang.Object java.lang.invoke.DirectMethodHandle$Holder.newInvokeSpecial(java.lang.Object, java.lang.Object, java.lang.Object, java.lang.Object, java.lang.Object)'> (0x0000000710693408) 
thrown [s\src\hotspot\share\interpreter\linkResolver.cpp, line 773]
Event: 0.494 Thread 0x00000250169138f0 Exception <a 'java/lang/NoSuchMethodError'{0x00000007106bfae0}: 'java.lang.Object java.lang.invoke.DirectMethodHandle$Holder.invokeStatic(java.lang.Object, int, java.lang.Object)'> (0x00000007106bfae0) 
thrown [s\src\hotspot\share\interpreter\linkResolver.cpp, line 773]
Event: 0.507 Thread 0x00000250169138f0 Exception <a 'java/lang/ClassNotFoundException'{0x0000000710760c60}: com/sun/swing/internal/plaf/metal/resources/spi/metalProvider> (0x0000000710760c60) 
thrown [s\src\hotspot\share\classfile\systemDictionary.cpp, line 312]
Event: 0.508 Thread 0x00000250169138f0 Exception <a 'java/lang/ClassNotFoundException'{0x0000000710765988}: com/sun/swing/internal/plaf/basic/resources/spi/basicProvider> (0x0000000710765988) 
thrown [s\src\hotspot\share\classfile\systemDictionary.cpp, line 312]
Event: 0.515 Thread 0x00000250169138f0 Exception <a 'java/lang/NoSuchMethodError'{0x0000000710788988}: 'int java.lang.invoke.Invokers$Holder.invokeExact_MT(java.lang.Object, java.lang.Object)'> (0x0000000710788988) 
thrown [s\src\hotspot\share\interpreter\linkResolver.cpp, line 773]
Event: 0.684 Thread 0x00000250762d46d0 Exception <a 'java/lang/NoSuchMethodError'{0x000000071060e858}: 'void java.lang.invoke.DirectMethodHandle$Holder.invokeVirtual(java.lang.Object, java.lang.Object)'> (0x000000071060e858) 
thrown [s\src\hotspot\share\interpreter\linkResolver.cpp, line 773]
Event: 0.695 Thread 0x00000250169138f0 Exception <a 'java/lang/NoSuchMethodError'{0x000000071034c6c0}: 'void java.lang.invoke.DirectMethodHandle$Holder.invokeStaticInit(java.lang.Object)'> (0x000000071034c6c0) 
thrown [s\src\hotspot\share\interpreter\linkResolver.cpp, line 773]
Event: 0.783 Thread 0x00000250777ea9e0 Exception <a 'java/lang/NoSuchMethodError'{0x00000007101b63a0}: 'java.lang.Object java.lang.invoke.DirectMethodHandle$Holder.newInvokeSpecial(java.lang.Object, java.lang.Object, java.lang.Object, int, int, int, int, int)'> (0x00000007101b63a0) 
thrown [s\src\hotspot\share\interpreter\linkResolver.cpp, line 773]
Event: 0.790 Thread 0x00000250777ea9e0 Exception <a 'java/lang/InterruptedException'{0x000000070fe12538}: sleep interrupted> (0x000000070fe12538) 
thrown [s\src\hotspot\share\prims\jvm.cpp, line 3065]
Event: 0.793 Thread 0x00000250777ea9e0 Exception <a 'java/lang/InterruptedException'{0x000000070fe6aed0}: sleep interrupted> (0x000000070fe6aed0) 
thrown [s\src\hotspot\share\prims\jvm.cpp, line 3065]

ZGC Phase Switch (0 events):
No events

VM Operations (14 events):
Event: 0.158 Executing VM operation: HandshakeAllThreads (Deoptimize)
Event: 0.158 Executing VM operation: HandshakeAllThreads (Deoptimize) done
Event: 0.517 Executing VM operation: HandshakeAllThreads (Deoptimize)
Event: 0.517 Executing VM operation: HandshakeAllThreads (Deoptimize) done
Event: 0.774 Executing VM operation: HandshakeAllThreads (Deoptimize)
Event: 0.774 Executing VM operation: HandshakeAllThreads (Deoptimize) done
Event: 0.789 Executing VM operation: ICBufferFull
Event: 0.789 Executing VM operation: ICBufferFull done
Event: 0.803 Executing VM operation: HandshakeAllThreads (Deoptimize)
Event: 0.803 Executing VM operation: HandshakeAllThreads (Deoptimize) done
Event: 0.849 Executing VM operation: G1CollectForAllocation (G1 Evacuation Pause)
Event: 0.853 Executing VM operation: G1CollectForAllocation (G1 Evacuation Pause) done
Event: 1.022 Executing VM operation: G1CollectForAllocation (G1 Evacuation Pause)
Event: 1.025 Executing VM operation: G1CollectForAllocation (G1 Evacuation Pause) done

Memory protections (0 events):
No events

Nmethod flushes (0 events):
No events

Events (20 events):
Event: 0.053 Thread 0x00000250169138f0 Thread added: 0x0000025030bbbbe0
Event: 0.053 Thread 0x00000250169138f0 Thread added: 0x0000025030bbcca0
Event: 0.054 Thread 0x00000250169138f0 Thread added: 0x0000025030bc3dc0
Event: 0.054 Thread 0x00000250169138f0 Thread added: 0x0000025030bc4810
Event: 0.054 Thread 0x00000250169138f0 Thread added: 0x0000025030bcd420
Event: 0.054 Thread 0x00000250169138f0 Thread added: 0x0000025030bd0ed0
Event: 0.054 Thread 0x00000250169138f0 Thread added: 0x0000025030bcde70
Event: 0.054 Thread 0x00000250169138f0 Thread added: 0x0000025030bd4410
Event: 0.065 Thread 0x00000250169138f0 Thread added: 0x00000250760fd2b0
Event: 0.077 Thread 0x00000250169138f0 Thread added: 0x0000025076103960
Event: 0.246 Thread 0x00000250169138f0 Thread added: 0x0000025076127070
Event: 0.247 Thread 0x00000250169138f0 Thread added: 0x00000250761278e0
Event: 0.247 Thread 0x00000250169138f0 Thread added: 0x00000250762d46d0
Event: 0.686 Thread 0x00000250762d46d0 Thread added: 0x00000250777bb760
Event: 0.727 Thread 0x00000250169138f0 Thread added: 0x00000250777ea9e0
Event: 0.728 Thread 0x00000250777bb760 Thread added: 0x00000250777eb070
Event: 1.002 Thread 0x00000250169138f0 Thread added: 0x00000250777e9630
Event: 1.010 Thread 0x00000250169138f0 Thread exited: 0x00000250169138f0
Event: 1.010 Thread 0x00000250777ea350 Thread added: 0x00000250777ea350
Event: 1.103 Thread 0x0000025030bd4410 Thread added: 0x000002507637cc80


Dynamic libraries:
0x00007ff6226f0000 - 0x00007ff6226fe000 	C:\Users\Nico\Desktop\eclipse\plugins\org.eclipse.justj.openjdk.hotspot.jre.full.win32.x86_64_21.0.9.v20251105-0741\jre\bin\javaw.exe
0x00007ff80b8d0000 - 0x00007ff80bac8000 	C:\WINDOWS\SYSTEM32\ntdll.dll
0x00007ff80a060000 - 0x00007ff80a122000 	C:\WINDOWS\System32\KERNEL32.DLL
0x00007ff808f60000 - 0x00007ff809256000 	C:\WINDOWS\System32\KERNELBASE.dll
0x00007ff809700000 - 0x00007ff809800000 	C:\WINDOWS\System32\ucrtbase.dll
0x00007ff806350000 - 0x00007ff80636e000 	C:\Users\Nico\Desktop\eclipse\plugins\org.eclipse.justj.openjdk.hotspot.jre.full.win32.x86_64_21.0.9.v20251105-0741\jre\bin\VCRUNTIME140.dll
0x00007ff805e80000 - 0x00007ff805e98000 	C:\Users\Nico\Desktop\eclipse\plugins\org.eclipse.justj.openjdk.hotspot.jre.full.win32.x86_64_21.0.9.v20251105-0741\jre\bin\jli.dll
0x00007ff80b400000 - 0x00007ff80b5a1000 	C:\WINDOWS\System32\USER32.dll
0x00007ff809260000 - 0x00007ff809282000 	C:\WINDOWS\System32\win32u.dll
0x00007ff80b270000 - 0x00007ff80b29b000 	C:\WINDOWS\System32\GDI32.dll
0x00007ffff65c0000 - 0x00007ffff685b000 	C:\WINDOWS\WinSxS\amd64_microsoft.windows.common-controls_6595b64144ccf1df_6.0.19041.6456_none_60b8a6cb71f64256\COMCTL32.dll
0x00007ff8095e0000 - 0x00007ff8096f9000 	C:\WINDOWS\System32\gdi32full.dll
0x00007ff80a360000 - 0x00007ff80a3fe000 	C:\WINDOWS\System32\msvcrt.dll
0x00007ff809850000 - 0x00007ff8098ed000 	C:\WINDOWS\System32\msvcp_win.dll
0x00007ff80b5b0000 - 0x00007ff80b5df000 	C:\WINDOWS\System32\IMM32.DLL
0x00007ff805c00000 - 0x00007ff805c0c000 	C:\Users\Nico\Desktop\eclipse\plugins\org.eclipse.justj.openjdk.hotspot.jre.full.win32.x86_64_21.0.9.v20251105-0741\jre\bin\vcruntime140_1.dll
0x00007ffffa420000 - 0x00007ffffa4ad000 	C:\Users\Nico\Desktop\eclipse\plugins\org.eclipse.justj.openjdk.hotspot.jre.full.win32.x86_64_21.0.9.v20251105-0741\jre\bin\msvcp140.dll
0x00007fffb4ee0000 - 0x00007fffb5c80000 	C:\Users\Nico\Desktop\eclipse\plugins\org.eclipse.justj.openjdk.hotspot.jre.full.win32.x86_64_21.0.9.v20251105-0741\jre\bin\server\jvm.dll
0x00007ff80ac90000 - 0x00007ff80ad41000 	C:\WINDOWS\System32\ADVAPI32.dll
0x00007ff80b1d0000 - 0x00007ff80b26f000 	C:\WINDOWS\System32\sechost.dll
0x00007ff80af00000 - 0x00007ff80b020000 	C:\WINDOWS\System32\RPCRT4.dll
0x00007ff809480000 - 0x00007ff8094a7000 	C:\WINDOWS\System32\bcrypt.dll
0x00007ff80b820000 - 0x00007ff80b88b000 	C:\WINDOWS\System32\WS2_32.dll
0x00007ff8086a0000 - 0x00007ff8086eb000 	C:\WINDOWS\SYSTEM32\POWRPROF.dll
0x00007ffff95f0000 - 0x00007ffff9617000 	C:\WINDOWS\SYSTEM32\WINMM.dll
0x00007ff801ff0000 - 0x00007ff801ffa000 	C:\WINDOWS\SYSTEM32\VERSION.dll
0x00007ff8085f0000 - 0x00007ff808602000 	C:\WINDOWS\SYSTEM32\UMPDC.dll
0x00007ff806df0000 - 0x00007ff806e02000 	C:\WINDOWS\SYSTEM32\kernel.appcore.dll
0x00007ff806160000 - 0x00007ff80616a000 	C:\Users\Nico\Desktop\eclipse\plugins\org.eclipse.justj.openjdk.hotspot.jre.full.win32.x86_64_21.0.9.v20251105-0741\jre\bin\jimage.dll
0x00007ffff7e50000 - 0x00007ffff8051000 	C:\WINDOWS\SYSTEM32\DBGHELP.DLL
0x00007fffe4420000 - 0x00007fffe4454000 	C:\WINDOWS\SYSTEM32\dbgcore.DLL
0x00007ff8093f0000 - 0x00007ff809472000 	C:\WINDOWS\System32\bcryptPrimitives.dll
0x00007ff802920000 - 0x00007ff802940000 	C:\Users\Nico\Desktop\eclipse\plugins\org.eclipse.justj.openjdk.hotspot.jre.full.win32.x86_64_21.0.9.v20251105-0741\jre\bin\java.dll
0x00007ff8098f0000 - 0x00007ff80a060000 	C:\WINDOWS\System32\SHELL32.dll
0x00007ff806ff0000 - 0x00007ff807795000 	C:\WINDOWS\SYSTEM32\windows.storage.dll
0x00007ff80a400000 - 0x00007ff80a754000 	C:\WINDOWS\System32\combase.dll
0x00007ff808990000 - 0x00007ff8089bb000 	C:\WINDOWS\SYSTEM32\Wldp.dll
0x00007ff80b5e0000 - 0x00007ff80b6ad000 	C:\WINDOWS\System32\OLEAUT32.dll
0x00007ff80a760000 - 0x00007ff80a80d000 	C:\WINDOWS\System32\SHCORE.dll
0x00007ff80b3a0000 - 0x00007ff80b3fb000 	C:\WINDOWS\System32\shlwapi.dll
0x00007ff808e90000 - 0x00007ff808eb4000 	C:\WINDOWS\SYSTEM32\profapi.dll
0x00007fffff3f0000 - 0x00007fffff408000 	C:\Users\Nico\Desktop\eclipse\plugins\org.eclipse.justj.openjdk.hotspot.jre.full.win32.x86_64_21.0.9.v20251105-0741\jre\bin\zip.dll
0x00007ff805cd0000 - 0x00007ff805ce0000 	C:\Users\Nico\Desktop\eclipse\plugins\org.eclipse.justj.openjdk.hotspot.jre.full.win32.x86_64_21.0.9.v20251105-0741\jre\bin\net.dll
0x00007ff8035e0000 - 0x00007ff8036ea000 	C:\WINDOWS\SYSTEM32\WINHTTP.dll
0x00007ff8086f0000 - 0x00007ff80875a000 	C:\WINDOWS\system32\mswsock.dll
0x00007ffffb0d0000 - 0x00007ffffb0e6000 	C:\Users\Nico\Desktop\eclipse\plugins\org.eclipse.justj.openjdk.hotspot.jre.full.win32.x86_64_21.0.9.v20251105-0741\jre\bin\nio.dll
0x00007fffc5f70000 - 0x00007fffc60ff000 	C:\Users\Nico\Desktop\eclipse\plugins\org.eclipse.justj.openjdk.hotspot.jre.full.win32.x86_64_21.0.9.v20251105-0741\jre\bin\awt.dll
0x00007ff805550000 - 0x00007ff8055e4000 	C:\WINDOWS\SYSTEM32\apphelp.dll
0x00007ff806af0000 - 0x00007ff806b1e000 	C:\WINDOWS\system32\DWMAPI.DLL
0x00007ff8068e0000 - 0x00007ff80697e000 	C:\WINDOWS\system32\uxtheme.dll
0x00007fffd7920000 - 0x00007fffd7a48000 	C:\WINDOWS\system32\opengl32.dll
0x00007fffe2b60000 - 0x00007fffe2b8c000 	C:\WINDOWS\SYSTEM32\GLU32.dll
0x00007ff80b020000 - 0x00007ff80b135000 	C:\WINDOWS\System32\MSCTF.dll
0x00007ff80add0000 - 0x00007ff80aefb000 	C:\WINDOWS\System32\ole32.dll
0x00007ffff9e80000 - 0x00007ffffa051000 	C:\WINDOWS\system32\d3d9.dll
0x00007ff800270000 - 0x00007ff800332000 	C:\WINDOWS\System32\DriverStore\FileRepository\nv_dispi.inf_amd64_9d15b9aa9e1c885b\nvldumdx.dll
0x00007ff808b20000 - 0x00007ff808b32000 	C:\WINDOWS\SYSTEM32\msasn1.dll
0x00007ff801200000 - 0x00007ff801231000 	C:\WINDOWS\SYSTEM32\cryptnet.dll
0x00007ff809290000 - 0x00007ff8093ed000 	C:\WINDOWS\System32\CRYPT32.dll
0x00007ff808900000 - 0x00007ff80890c000 	C:\WINDOWS\SYSTEM32\cryptbase.dll
0x00007ff8010b0000 - 0x00007ff8011f7000 	C:\WINDOWS\SYSTEM32\drvstore.dll
0x00007ff808d10000 - 0x00007ff808d43000 	C:\WINDOWS\SYSTEM32\devobj.dll
0x00007ff809800000 - 0x00007ff80984e000 	C:\WINDOWS\System32\cfgmgr32.dll
0x00007ff8094b0000 - 0x00007ff809523000 	C:\WINDOWS\System32\wintrust.dll
0x00007ff80b2a0000 - 0x00007ff80b2bd000 	C:\WINDOWS\System32\imagehlp.dll
0x00007ff8088e0000 - 0x00007ff8088f8000 	C:\WINDOWS\SYSTEM32\CRYPTSP.dll
0x00007ff807f30000 - 0x00007ff807f68000 	C:\WINDOWS\system32\rsaenh.dll
0x00007ffffbb20000 - 0x00007fffff2ba000 	C:\WINDOWS\System32\DriverStore\FileRepository\nv_dispi.inf_amd64_9d15b9aa9e1c885b\nvgpucomp64.dll
0x00007ffff9620000 - 0x00007ffff96f7000 	C:\WINDOWS\System32\DriverStore\FileRepository\nv_dispi.inf_amd64_9d15b9aa9e1c885b\NvMemMapStoragex.dll
0x00007fffb1cc0000 - 0x00007fffb3d87000 	C:\WINDOWS\System32\DriverStore\FileRepository\nv_dispi.inf_amd64_9d15b9aa9e1c885b\nvd3dumx.dll
0x00007fffbc530000 - 0x00007fffbc677000 	C:\WINDOWS\system32\nvspcap64.dll
0x00007ff8081f0000 - 0x00007ff808223000 	C:\WINDOWS\SYSTEM32\ntmarta.dll
0x00007ff8077b0000 - 0x00007ff8077d3000 	C:\WINDOWS\SYSTEM32\gpapi.dll
0x00007fffe3e70000 - 0x00007fffe4024000 	C:\WINDOWS\System32\DriverStore\FileRepository\nv_dispi.inf_amd64_9d15b9aa9e1c885b\nvppex.dll
0x00007ff800880000 - 0x00007ff8008bb000 	C:\WINDOWS\SYSTEM32\dxcore.dll
0x00007fffc5a00000 - 0x00007fffc5a87000 	C:\Users\Nico\Desktop\eclipse\plugins\org.eclipse.justj.openjdk.hotspot.jre.full.win32.x86_64_21.0.9.v20251105-0741\jre\bin\freetype.dll
0x00007fffbaad0000 - 0x00007fffbabc2000 	C:\Users\Nico\Desktop\eclipse\plugins\org.eclipse.justj.openjdk.hotspot.jre.full.win32.x86_64_21.0.9.v20251105-0741\jre\bin\fontmanager.dll
0x00007ffffb2a0000 - 0x00007ffffb399000 	C:\WINDOWS\SYSTEM32\textinputframework.dll
0x00007ff804f30000 - 0x00007ff805022000 	C:\WINDOWS\System32\CoreMessaging.dll
0x00007ff804bd0000 - 0x00007ff804f2b000 	C:\WINDOWS\System32\CoreUIComponents.dll
0x00007ff8061f0000 - 0x00007ff806347000 	C:\WINDOWS\SYSTEM32\wintypes.dll

JVMTI agents: none

dbghelp: loaded successfully - version: 4.0.5 - missing functions: none
symbol engine: initialized successfully - sym options: 0x614 - pdb path: .;C:\Users\Nico\Desktop\eclipse\plugins\org.eclipse.justj.openjdk.hotspot.jre.full.win32.x86_64_21.0.9.v20251105-0741\jre\bin;C:\WINDOWS\SYSTEM32;C:\WINDOWS\WinSxS\amd64_microsoft.windows.common-controls_6595b64144ccf1df_6.0.19041.6456_none_60b8a6cb71f64256;C:\Users\Nico\Desktop\eclipse\plugins\org.eclipse.justj.openjdk.hotspot.jre.full.win32.x86_64_21.0.9.v20251105-0741\jre\bin\server;C:\WINDOWS\System32\DriverStore\FileRepository\nv_dispi.inf_amd64_9d15b9aa9e1c885b

VM Arguments:
jvm_args: -Dfile.encoding=UTF-8 -Dstdout.encoding=UTF-8 -Dstderr.encoding=UTF-8 -XX:+ShowCodeDetailsInExceptionMessages 
java_command: juego.Juego
java_class_path (initial): C:\Users\Nico\git\repository\TPFinal\bin;C:\Users\Nico\git\repository\TPFinal\entorno.jar
Launcher Type: SUN_STANDARD

[Global flags]
     intx CICompilerCount                          = 3                                         {product} {ergonomic}
     uint ConcGCThreads                            = 2                                         {product} {ergonomic}
     uint G1ConcRefinementThreads                  = 6                                         {product} {ergonomic}
   size_t G1HeapRegionSize                         = 2097152                                   {product} {ergonomic}
    uintx GCDrainStackTargetSize                   = 64                                        {product} {ergonomic}
   size_t InitialHeapSize                          = 268435456                                 {product} {ergonomic}
   size_t MarkStackSize                            = 4194304                                   {product} {ergonomic}
   size_t MaxHeapSize                              = 4282384384                                {product} {ergonomic}
   size_t MaxNewSize                               = 2569011200                                {product} {ergonomic}
   size_t MinHeapDeltaBytes                        = 2097152                                   {product} {ergonomic}
   size_t MinHeapSize                              = 8388608                                   {product} {ergonomic}
    uintx NonNMethodCodeHeapSize                   = 5832780                                {pd product} {ergonomic}
    uintx NonProfiledCodeHeapSize                  = 122912730                              {pd product} {ergonomic}
    uintx ProfiledCodeHeapSize                     = 122912730                              {pd product} {ergonomic}
    uintx ReservedCodeCacheSize                    = 251658240                              {pd product} {ergonomic}
     bool SegmentedCodeCache                       = true                                      {product} {ergonomic}
     bool ShowCodeDetailsInExceptionMessages       = true                                   {manageable} {command line}
   size_t SoftMaxHeapSize                          = 4282384384                             {manageable} {ergonomic}
     bool UseCompressedOops                        = true                           {product lp64_product} {ergonomic}
     bool UseG1GC                                  = true                                      {product} {ergonomic}
     bool UseLargePagesIndividualAllocation        = false                                  {pd product} {ergonomic}

Logging:
Log output configuration:
 #0: stdout all=warning uptime,level,tags foldmultilines=false
 #1: stderr all=off uptime,level,tags foldmultilines=false

Release file:
JAVA_VERSION="21.0.9" 
MODULES="java.base java.compiler java.datatransfer java.xml java.prefs java.desktop java.instrument java.logging java.management java.security.sasl java.naming java.rmi java.management.rmi java.net.http java.scripting java.security.jgss java.transaction.xa java.sql java.sql.rowset java.xml.crypto java.se java.smartcardio jdk.accessibility jdk.internal.jvmstat jdk.attach jdk.charsets jdk.internal.opt jdk.zipfs jdk.compiler jdk.crypto.ec jdk.crypto.cryptoki jdk.crypto.mscapi jdk.dynalink jdk.internal.ed jdk.editpad jdk.hotspot.agent jdk.httpserver jdk.internal.le jdk.internal.vm.ci jdk.internal.vm.compiler jdk.internal.vm.compiler.management jdk.jartool jdk.javadoc jdk.jcmd jdk.management jdk.management.agent jdk.jconsole jdk.jdeps jdk.jdwp.agent jdk.jdi jdk.jfr jdk.jshell jdk.jsobject jdk.jstatd jdk.localedata jdk.management.jfr jdk.naming.dns jdk.naming.rmi jdk.net jdk.nio.mapmode jdk.random jdk.sctp jdk.security.auth jdk.security.jgss jdk.unsupported jdk.unsupported.desktop jdk.xml.dom" 

Environment Variables:
PATH=C:/Users/Nico/Desktop/eclipse//plugins/org.eclipse.justj.openjdk.hotspot.jre.full.win32.x86_64_21.0.9.v20251105-0741/jre/bin/server;C:/Users/Nico/Desktop/eclipse//plugins/org.eclipse.justj.openjdk.hotspot.jre.full.win32.x86_64_21.0.9.v20251105-0741/jre/bin;C:\Program Files\Common Files\Oracle\Java\javapath;C:\Program Files (x86)\Common Files\Oracle\Java\javapath;C:\WINDOWS\system32;C:\WINDOWS;C:\WINDOWS\System32\Wbem;C:\WINDOWS\System32\WindowsPowerShell\v1.0\;C:\WINDOWS\System32\OpenSSH\;C:\Program Files\NVIDIA Corporation\NVIDIA app\NvDLISR;C:\Program Files (x86)\NVIDIA Corporation\PhysX\Common;C:\Program Files\dotnet\;C:\Program Files\Git\cmd;C:\Program Files (x86)\PuTTY\;C:\Users\Nico\AppData\Local\Programs\Python\Launcher\;C:\Users\Nico\AppData\Local\Microsoft\WindowsApps;C:\Users\Nico\AppData\Local\Programs\Microsoft VS Code\bin;C:\Users\Nico\Desktop\eclipse;
USERNAME=Nico
OS=Windows_NT
PROCESSOR_IDENTIFIER=AMD64 Family 23 Model 113 Stepping 0, AuthenticAMD
TMP=C:\Users\Nico\AppData\Local\Temp
TEMP=C:\Users\Nico\AppData\Local\Temp




Periodic native trim disabled

---------------  S Y S T E M  ---------------

OS:
 Windows 10 , 64 bit Build 19041 (10.0.19041.5915)
OS uptime: 7 days 3:15 hours

CPU: total 6 (initial active 6) (6 cores per cpu, 1 threads per core) family 23 model 113 stepping 0 microcode 0x0, cx8, cmov, fxsr, mmx, 3dnowpref, sse, sse2, sse3, ssse3, sse4a, sse4.1, sse4.2, popcnt, lzcnt, tsc, tscinvbit, avx, avx2, aes, clmul, bmi1, bmi2, adx, sha, fma, vzeroupper, clflush, clflushopt, rdtscp, rdpid, f16c
Processor Information for the first 6 processors :
  Max Mhz: 3593, Current Mhz: 3593, Mhz Limit: 3593

Memory: 4k page, system-wide physical 16335M (2588M free)
TotalPageFile size 65487M (AvailPageFile size 11M)
current process WorkingSet (physical memory assigned to process): 234M, peak: 234M
current process commit charge ("private bytes"): 509M, peak: 509M

vm_info: OpenJDK 64-Bit Server VM (21.0.9+10-LTS) for windows-amd64 JRE (21.0.9+10-LTS), built on 2025-10-21T00:00:00Z by "admin" with unknown MS VC++:1942

END.
